<?xml version="1.0" encoding="UTF-8"?>
<!-- Generated by org.testng.reporters.JUnitXMLReporter -->
<testsuite hostname="Mindaug4s-PC" name="Chrome test" tests="2" failures="0" timestamp="26 Jun 2017 20:30:57 GMT" time="15.916" errors="0">
  <testcase name="testIfAccountCanBeCreated" time="0.085" classname="exam.preparation.ExamPreparationProject.PreparationTest"/>
  <testcase name="testAccountCreation" time="3.417" classname="practical.exam.Mindaug4sBinBash.FirstTaskTest"/>
</testsuite> <!-- Chrome test -->
