<?xml version="1.0" encoding="UTF-8"?>
<!-- Generated by org.testng.reporters.JUnitXMLReporter -->
<testsuite hostname="Mindaug4s-PC" name="Edge test" tests="2" failures="0" timestamp="26 Jun 2017 20:22:31 GMT" time="0.051" errors="0">
  <testcase name="@BeforeMethod prepareForTest" time="0.0" classname="exam.preparation.ExamPreparationProject.PreparationTest">
    <failure type="java.lang.NullPointerException">
      <![CDATA[java.lang.NullPointerException
	at exam.preparation.ExamPreparationProject.BaseTest.prepareForTest(BaseTest.java:44)
	at java.util.concurrent.FutureTask.run(Unknown Source)
	at java.util.concurrent.ThreadPoolExecutor.runWorker(Unknown Source)
	at java.util.concurrent.ThreadPoolExecutor$Worker.run(Unknown Source)
	at java.lang.Thread.run(Unknown Source)
... Removed 18 stack frames]]>
    </failure>
  </testcase> <!-- @BeforeMethod prepareForTest -->
  <testcase name="@AfterMethod closeBrowser" time="0.0" classname="exam.preparation.ExamPreparationProject.PreparationTest">
    <skipped/>
  </testcase> <!-- @AfterMethod closeBrowser -->
  <testcase name="@BeforeMethod prepareForTest" time="0.0" classname="practical.exam.Mindaug4sBinBash.FirstTaskTest">
    <skipped/>
  </testcase> <!-- @BeforeMethod prepareForTest -->
  <testcase name="@AfterMethod closeBrowser" time="0.0" classname="practical.exam.Mindaug4sBinBash.FirstTaskTest">
    <skipped/>
  </testcase> <!-- @AfterMethod closeBrowser -->
  <testcase name="testIfAccountCanBeCreated" time="0.002" classname="exam.preparation.ExamPreparationProject.PreparationTest">
    <skipped/>
  </testcase> <!-- testIfAccountCanBeCreated -->
  <testcase name="testAccountCreation" time="0.001" classname="practical.exam.Mindaug4sBinBash.FirstTaskTest">
    <skipped/>
  </testcase> <!-- testAccountCreation -->
</testsuite> <!-- Edge test -->
