<?xml version="1.0" encoding="UTF-8"?>
<!-- Generated by org.testng.reporters.JUnitXMLReporter -->
<testsuite hostname="Mindaug4s-PC" name="FireFox test" tests="2" failures="0" timestamp="26 Jun 2017 20:30:56 GMT" time="14.617" errors="0">
  <testcase name="testIfAccountCanBeCreated" time="0.004" classname="exam.preparation.ExamPreparationProject.PreparationTest"/>
  <testcase name="testAccountCreation" time="3.709" classname="practical.exam.Mindaug4sBinBash.FirstTaskTest"/>
</testsuite> <!-- FireFox test -->
