<?xml version="1.0" encoding="UTF-8"?>
<testsuite xmlns:xsi="http://www.w3.org/2001/XMLSchema-instance" xsi:schemaLocation="https://maven.apache.org/surefire/maven-surefire-plugin/xsd/surefire-test-report.xsd" name="TestSuite" time="32.796" tests="6" errors="0" skipped="0" failures="1">
  <properties>
[...]
</properties>
  <testcase name="testIfAccountCanBeCreated" classname="exam.preparation.ExamPreparationProject.PreparationTest" time="0.103"/>
  <testcase name="testIfAccountCanBeCreated" classname="exam.preparation.ExamPreparationProject.PreparationTest" time="0.003"/>
  <testcase name="testIfAccountCanBeCreated" classname="exam.preparation.ExamPreparationProject.PreparationTest" time="0.002"/>
  <testcase name="testAccountCreation" classname="practical.exam.Mindaug4sBinBash.FirstTaskTest" time="0.706"/>
  <testcase name="testAccountCreation" classname="practical.exam.Mindaug4sBinBash.FirstTaskTest" time="3.06"/>
  <testcase name="testAccountCreation" classname="practical.exam.Mindaug4sBinBash.FirstTaskTest" time="12.457">
    <failure message="Cannot locate option with index: 5&#10;For documentation on this error, please visit: http://seleniumhq.org/exceptions/no_such_element.html&#10;Build info: version: &apos;2.53.1&apos;, revision: &apos;a36b8b1cd5757287168e54b817830adce9b0158d&apos;, time: &apos;2016-06-30 19:26:09&apos;&#10;System info: host: &apos;Mindaug4s-PC&apos;, ip: &apos;192.168.56.1&apos;, os.name: &apos;Windows 7&apos;, os.arch: &apos;amd64&apos;, os.version: &apos;6.1&apos;, java.version: &apos;1.8.0_102&apos;&#10;Driver info: driver.version: unknown" type="org.openqa.selenium.NoSuchElementException">org.openqa.selenium.NoSuchElementException: 
Cannot locate option with index: 5
For documentation on this error, please visit: http://seleniumhq.org/exceptions/no_such_element.html
Build info: version: '2.53.1', revision: 'a36b8b1cd5757287168e54b817830adce9b0158d', time: '2016-06-30 19:26:09'
System info: host: 'Mindaug4s-PC', ip: '192.168.56.1', os.name: 'Windows 7', os.arch: 'amd64', os.version: '6.1', java.version: '1.8.0_102'
Driver info: driver.version: unknown
	at practical.exam.Mindaug4sBinBash.FirstTaskTest.testAccountCreation(FirstTaskTest.java:31)
</failure>
    <system-out><![CDATA[Time tests took: 459.0
]]></system-out>
    <system-err><![CDATA[17053 [TestNG] INFO io.github.bonigarcia.wdm.BrowserManager - Reading https://selenium-release.storage.googleapis.com/ to seek [IEDriverServer]
17718 [TestNG] INFO io.github.bonigarcia.wdm.BrowserManager - Latest version of [IEDriverServer] is 3.4
17719 [TestNG] INFO io.github.bonigarcia.wdm.BrowserManager - Exporting webdriver.ie.driver as C:\Users\Mindaug4s\.m2\repository\webdriver\IEDriverServer\x64\3.4\IEDriverServer.exe
Started InternetExplorerDriver server (64-bit)
3.4.0.0
Listening on port 21591
Only local connections are allowed
]]></system-err>
  </testcase>
</testsuite>